<?xml version="1.0" encoding="UTF-8"?>
<testsuite name="com.aspanu.elevatorControl.ElevatorControllerTest" tests="1" skipped="0" failures="0" errors="0" timestamp="2017-06-15T19:00:18" hostname="aspanu-mbp.home" time="0.078">
  <properties/>
  <testcase name="testElevatorController" classname="com.aspanu.elevatorControl.ElevatorControllerTest" time="0.078"/>
  <system-out><![CDATA[]]></system-out>
  <system-err><![CDATA[]]></system-err>
</testsuite>
